The system is: Linux - 4.4.0-141-generic - x86_64
Compiling the CXX compiler identification source file "CMakeCXXCompilerId.cpp" succeeded.
Compiler: /usr/bin/g++ 
Build flags: 
Id flags: 

The output was:
0


Compilation of the CXX compiler identification source "CMakeCXXCompilerId.cpp" produced "a.out"

The CXX compiler identification is GNU, found in "/mds-sfm/pipelines/opencv-2.4.11/release/CMakeFiles/3.5.1/CompilerIdCXX/a.out"

Compiling the C compiler identification source file "CMakeCCompilerId.c" succeeded.
Compiler: /usr/bin/cc 
Build flags: 
Id flags: 

The output was:
0


Compilation of the C compiler identification source "CMakeCCompilerId.c" produced "a.out"

The C compiler identification is GNU, found in "/mds-sfm/pipelines/opencv-2.4.11/release/CMakeFiles/3.5.1/CompilerIdC/a.out"

Determining if the CXX compiler works passed with the following output:
Change Dir: /mds-sfm/pipelines/opencv-2.4.11/release/CMakeFiles/CMakeTmp

Run Build Command:"/usr/bin/make" "cmTC_42f7e/fast"
/usr/bin/make -f CMakeFiles/cmTC_42f7e.dir/build.make CMakeFiles/cmTC_42f7e.dir/build
make[1]: Entering directory '/mds-sfm/pipelines/opencv-2.4.11/release/CMakeFiles/CMakeTmp'
Building CXX object CMakeFiles/cmTC_42f7e.dir/testCXXCompiler.cxx.o
/usr/bin/g++      -o CMakeFiles/cmTC_42f7e.dir/testCXXCompiler.cxx.o -c /mds-sfm/pipelines/opencv-2.4.11/release/CMakeFiles/CMakeTmp/testCXXCompiler.cxx
Linking CXX executable cmTC_42f7e
/usr/bin/cmake -E cmake_link_script CMakeFiles/cmTC_42f7e.dir/link.txt --verbose=1
/usr/bin/g++        CMakeFiles/cmTC_42f7e.dir/testCXXCompiler.cxx.o  -o cmTC_42f7e -rdynamic 
make[1]: Leaving directory '/mds-sfm/pipelines/opencv-2.4.11/release/CMakeFiles/CMakeTmp'


Detecting CXX compiler ABI info compiled with the following output:
Change Dir: /mds-sfm/pipelines/opencv-2.4.11/release/CMakeFiles/CMakeTmp

Run Build Command:"/usr/bin/make" "cmTC_b7a31/fast"
/usr/bin/make -f CMakeFiles/cmTC_b7a31.dir/build.make CMakeFiles/cmTC_b7a31.dir/build
make[1]: Entering directory '/mds-sfm/pipelines/opencv-2.4.11/release/CMakeFiles/CMakeTmp'
Building CXX object CMakeFiles/cmTC_b7a31.dir/CMakeCXXCompilerABI.cpp.o
/usr/bin/g++      -o CMakeFiles/cmTC_b7a31.dir/CMakeCXXCompilerABI.cpp.o -c /usr/share/cmake-3.5/Modules/CMakeCXXCompilerABI.cpp
Linking CXX executable cmTC_b7a31
/usr/bin/cmake -E cmake_link_script CMakeFiles/cmTC_b7a31.dir/link.txt --verbose=1
/usr/bin/g++       -v CMakeFiles/cmTC_b7a31.dir/CMakeCXXCompilerABI.cpp.o  -o cmTC_b7a31 -rdynamic  
Using built-in specs.
COLLECT_GCC=/usr/bin/g++
COLLECT_LTO_WRAPPER=/usr/lib/gcc/x86_64-linux-gnu/5/lto-wrapper
Target: x86_64-linux-gnu
Configured with: ../src/configure -v --with-pkgversion='Ubuntu 5.4.0-6ubuntu1~16.04.11' --with-bugurl=file:///usr/share/doc/gcc-5/README.Bugs --enable-languages=c,ada,c++,java,go,d,fortran,objc,obj-c++ --prefix=/usr --program-suffix=-5 --enable-shared --enable-linker-build-id --libexecdir=/usr/lib --without-included-gettext --enable-threads=posix --libdir=/usr/lib --enable-nls --with-sysroot=/ --enable-clocale=gnu --enable-libstdcxx-debug --enable-libstdcxx-time=yes --with-default-libstdcxx-abi=new --enable-gnu-unique-object --disable-vtable-verify --enable-libmpx --enable-plugin --with-system-zlib --disable-browser-plugin --enable-java-awt=gtk --enable-gtk-cairo --with-java-home=/usr/lib/jvm/java-1.5.0-gcj-5-amd64/jre --enable-java-home --with-jvm-root-dir=/usr/lib/jvm/java-1.5.0-gcj-5-amd64 --with-jvm-jar-dir=/usr/lib/jvm-exports/java-1.5.0-gcj-5-amd64 --with-arch-directory=amd64 --with-ecj-jar=/usr/share/java/eclipse-ecj.jar --enable-objc-gc --enable-multiarch --disable-werror --with-arch-32=i686 --with-abi=m64 --with-multilib-list=m32,m64,mx32 --enable-multilib --with-tune=generic --enable-checking=release --build=x86_64-linux-gnu --host=x86_64-linux-gnu --target=x86_64-linux-gnu
Thread model: posix
gcc version 5.4.0 20160609 (Ubuntu 5.4.0-6ubuntu1~16.04.11) 
COMPILER_PATH=/usr/lib/gcc/x86_64-linux-gnu/5/:/usr/lib/gcc/x86_64-linux-gnu/5/:/usr/lib/gcc/x86_64-linux-gnu/:/usr/lib/gcc/x86_64-linux-gnu/5/:/usr/lib/gcc/x86_64-linux-gnu/
LIBRARY_PATH=/usr/lib/gcc/x86_64-linux-gnu/5/:/usr/lib/gcc/x86_64-linux-gnu/5/../../../x86_64-linux-gnu/:/usr/lib/gcc/x86_64-linux-gnu/5/../../../../lib/:/lib/x86_64-linux-gnu/:/lib/../lib/:/usr/lib/x86_64-linux-gnu/:/usr/lib/../lib/:/usr/lib/gcc/x86_64-linux-gnu/5/../../../:/lib/:/usr/lib/
COLLECT_GCC_OPTIONS='-v' '-o' 'cmTC_b7a31' '-rdynamic' '-shared-libgcc' '-mtune=generic' '-march=x86-64'
 /usr/lib/gcc/x86_64-linux-gnu/5/collect2 -plugin /usr/lib/gcc/x86_64-linux-gnu/5/liblto_plugin.so -plugin-opt=/usr/lib/gcc/x86_64-linux-gnu/5/lto-wrapper -plugin-opt=-fresolution=/tmp/ccEczRzF.res -plugin-opt=-pass-through=-lgcc_s -plugin-opt=-pass-through=-lgcc -plugin-opt=-pass-through=-lc -plugin-opt=-pass-through=-lgcc_s -plugin-opt=-pass-through=-lgcc --sysroot=/ --build-id --eh-frame-hdr -m elf_x86_64 --hash-style=gnu --as-needed -export-dynamic -dynamic-linker /lib64/ld-linux-x86-64.so.2 -z relro -o cmTC_b7a31 /usr/lib/gcc/x86_64-linux-gnu/5/../../../x86_64-linux-gnu/crt1.o /usr/lib/gcc/x86_64-linux-gnu/5/../../../x86_64-linux-gnu/crti.o /usr/lib/gcc/x86_64-linux-gnu/5/crtbegin.o -L/usr/lib/gcc/x86_64-linux-gnu/5 -L/usr/lib/gcc/x86_64-linux-gnu/5/../../../x86_64-linux-gnu -L/usr/lib/gcc/x86_64-linux-gnu/5/../../../../lib -L/lib/x86_64-linux-gnu -L/lib/../lib -L/usr/lib/x86_64-linux-gnu -L/usr/lib/../lib -L/usr/lib/gcc/x86_64-linux-gnu/5/../../.. CMakeFiles/cmTC_b7a31.dir/CMakeCXXCompilerABI.cpp.o -lstdc++ -lm -lgcc_s -lgcc -lc -lgcc_s -lgcc /usr/lib/gcc/x86_64-linux-gnu/5/crtend.o /usr/lib/gcc/x86_64-linux-gnu/5/../../../x86_64-linux-gnu/crtn.o
make[1]: Leaving directory '/mds-sfm/pipelines/opencv-2.4.11/release/CMakeFiles/CMakeTmp'


Parsed CXX implicit link information from above output:
  link line regex: [^( *|.*[/\])(ld|([^/\]+-)?ld|collect2)[^/\]*( |$)]
  ignore line: [Change Dir: /mds-sfm/pipelines/opencv-2.4.11/release/CMakeFiles/CMakeTmp]
  ignore line: []
  ignore line: [Run Build Command:"/usr/bin/make" "cmTC_b7a31/fast"]
  ignore line: [/usr/bin/make -f CMakeFiles/cmTC_b7a31.dir/build.make CMakeFiles/cmTC_b7a31.dir/build]
  ignore line: [make[1]: Entering directory '/mds-sfm/pipelines/opencv-2.4.11/release/CMakeFiles/CMakeTmp']
  ignore line: [Building CXX object CMakeFiles/cmTC_b7a31.dir/CMakeCXXCompilerABI.cpp.o]
  ignore line: [/usr/bin/g++      -o CMakeFiles/cmTC_b7a31.dir/CMakeCXXCompilerABI.cpp.o -c /usr/share/cmake-3.5/Modules/CMakeCXXCompilerABI.cpp]
  ignore line: [Linking CXX executable cmTC_b7a31]
  ignore line: [/usr/bin/cmake -E cmake_link_script CMakeFiles/cmTC_b7a31.dir/link.txt --verbose=1]
  ignore line: [/usr/bin/g++       -v CMakeFiles/cmTC_b7a31.dir/CMakeCXXCompilerABI.cpp.o  -o cmTC_b7a31 -rdynamic  ]
  ignore line: [Using built-in specs.]
  ignore line: [COLLECT_GCC=/usr/bin/g++]
  ignore line: [COLLECT_LTO_WRAPPER=/usr/lib/gcc/x86_64-linux-gnu/5/lto-wrapper]
  ignore line: [Target: x86_64-linux-gnu]
  ignore line: [Configured with: ../src/configure -v --with-pkgversion='Ubuntu 5.4.0-6ubuntu1~16.04.11' --with-bugurl=file:///usr/share/doc/gcc-5/README.Bugs --enable-languages=c,ada,c++,java,go,d,fortran,objc,obj-c++ --prefix=/usr --program-suffix=-5 --enable-shared --enable-linker-build-id --libexecdir=/usr/lib --without-included-gettext --enable-threads=posix --libdir=/usr/lib --enable-nls --with-sysroot=/ --enable-clocale=gnu --enable-libstdcxx-debug --enable-libstdcxx-time=yes --with-default-libstdcxx-abi=new --enable-gnu-unique-object --disable-vtable-verify --enable-libmpx --enable-plugin --with-system-zlib --disable-browser-plugin --enable-java-awt=gtk --enable-gtk-cairo --with-java-home=/usr/lib/jvm/java-1.5.0-gcj-5-amd64/jre --enable-java-home --with-jvm-root-dir=/usr/lib/jvm/java-1.5.0-gcj-5-amd64 --with-jvm-jar-dir=/usr/lib/jvm-exports/java-1.5.0-gcj-5-amd64 --with-arch-directory=amd64 --with-ecj-jar=/usr/share/java/eclipse-ecj.jar --enable-objc-gc --enable-multiarch --disable-werror --with-arch-32=i686 --with-abi=m64 --with-multilib-list=m32,m64,mx32 --enable-multilib --with-tune=generic --enable-checking=release --build=x86_64-linux-gnu --host=x86_64-linux-gnu --target=x86_64-linux-gnu]
  ignore line: [Thread model: posix]
  ignore line: [gcc version 5.4.0 20160609 (Ubuntu 5.4.0-6ubuntu1~16.04.11) ]
  ignore line: [COMPILER_PATH=/usr/lib/gcc/x86_64-linux-gnu/5/:/usr/lib/gcc/x86_64-linux-gnu/5/:/usr/lib/gcc/x86_64-linux-gnu/:/usr/lib/gcc/x86_64-linux-gnu/5/:/usr/lib/gcc/x86_64-linux-gnu/]
  ignore line: [LIBRARY_PATH=/usr/lib/gcc/x86_64-linux-gnu/5/:/usr/lib/gcc/x86_64-linux-gnu/5/../../../x86_64-linux-gnu/:/usr/lib/gcc/x86_64-linux-gnu/5/../../../../lib/:/lib/x86_64-linux-gnu/:/lib/../lib/:/usr/lib/x86_64-linux-gnu/:/usr/lib/../lib/:/usr/lib/gcc/x86_64-linux-gnu/5/../../../:/lib/:/usr/lib/]
  ignore line: [COLLECT_GCC_OPTIONS='-v' '-o' 'cmTC_b7a31' '-rdynamic' '-shared-libgcc' '-mtune=generic' '-march=x86-64']
  link line: [ /usr/lib/gcc/x86_64-linux-gnu/5/collect2 -plugin /usr/lib/gcc/x86_64-linux-gnu/5/liblto_plugin.so -plugin-opt=/usr/lib/gcc/x86_64-linux-gnu/5/lto-wrapper -plugin-opt=-fresolution=/tmp/ccEczRzF.res -plugin-opt=-pass-through=-lgcc_s -plugin-opt=-pass-through=-lgcc -plugin-opt=-pass-through=-lc -plugin-opt=-pass-through=-lgcc_s -plugin-opt=-pass-through=-lgcc --sysroot=/ --build-id --eh-frame-hdr -m elf_x86_64 --hash-style=gnu --as-needed -export-dynamic -dynamic-linker /lib64/ld-linux-x86-64.so.2 -z relro -o cmTC_b7a31 /usr/lib/gcc/x86_64-linux-gnu/5/../../../x86_64-linux-gnu/crt1.o /usr/lib/gcc/x86_64-linux-gnu/5/../../../x86_64-linux-gnu/crti.o /usr/lib/gcc/x86_64-linux-gnu/5/crtbegin.o -L/usr/lib/gcc/x86_64-linux-gnu/5 -L/usr/lib/gcc/x86_64-linux-gnu/5/../../../x86_64-linux-gnu -L/usr/lib/gcc/x86_64-linux-gnu/5/../../../../lib -L/lib/x86_64-linux-gnu -L/lib/../lib -L/usr/lib/x86_64-linux-gnu -L/usr/lib/../lib -L/usr/lib/gcc/x86_64-linux-gnu/5/../../.. CMakeFiles/cmTC_b7a31.dir/CMakeCXXCompilerABI.cpp.o -lstdc++ -lm -lgcc_s -lgcc -lc -lgcc_s -lgcc /usr/lib/gcc/x86_64-linux-gnu/5/crtend.o /usr/lib/gcc/x86_64-linux-gnu/5/../../../x86_64-linux-gnu/crtn.o]
    arg [/usr/lib/gcc/x86_64-linux-gnu/5/collect2] ==> ignore
    arg [-plugin] ==> ignore
    arg [/usr/lib/gcc/x86_64-linux-gnu/5/liblto_plugin.so] ==> ignore
    arg [-plugin-opt=/usr/lib/gcc/x86_64-linux-gnu/5/lto-wrapper] ==> ignore
    arg [-plugin-opt=-fresolution=/tmp/ccEczRzF.res] ==> ignore
    arg [-plugin-opt=-pass-through=-lgcc_s] ==> ignore
    arg [-plugin-opt=-pass-through=-lgcc] ==> ignore
    arg [-plugin-opt=-pass-through=-lc] ==> ignore
    arg [-plugin-opt=-pass-through=-lgcc_s] ==> ignore
    arg [-plugin-opt=-pass-through=-lgcc] ==> ignore
    arg [--sysroot=/] ==> ignore
    arg [--build-id] ==> ignore
    arg [--eh-frame-hdr] ==> ignore
    arg [-m] ==> ignore
    arg [elf_x86_64] ==> ignore
    arg [--hash-style=gnu] ==> ignore
    arg [--as-needed] ==> ignore
    arg [-export-dynamic] ==> ignore
    arg [-dynamic-linker] ==> ignore
    arg [/lib64/ld-linux-x86-64.so.2] ==> ignore
    arg [-zrelro] ==> ignore
    arg [-o] ==> ignore
    arg [cmTC_b7a31] ==> ignore
    arg [/usr/lib/gcc/x86_64-linux-gnu/5/../../../x86_64-linux-gnu/crt1.o] ==> ignore
    arg [/usr/lib/gcc/x86_64-linux-gnu/5/../../../x86_64-linux-gnu/crti.o] ==> ignore
    arg [/usr/lib/gcc/x86_64-linux-gnu/5/crtbegin.o] ==> ignore
    arg [-L/usr/lib/gcc/x86_64-linux-gnu/5] ==> dir [/usr/lib/gcc/x86_64-linux-gnu/5]
    arg [-L/usr/lib/gcc/x86_64-linux-gnu/5/../../../x86_64-linux-gnu] ==> dir [/usr/lib/gcc/x86_64-linux-gnu/5/../../../x86_64-linux-gnu]
    arg [-L/usr/lib/gcc/x86_64-linux-gnu/5/../../../../lib] ==> dir [/usr/lib/gcc/x86_64-linux-gnu/5/../../../../lib]
    arg [-L/lib/x86_64-linux-gnu] ==> dir [/lib/x86_64-linux-gnu]
    arg [-L/lib/../lib] ==> dir [/lib/../lib]
    arg [-L/usr/lib/x86_64-linux-gnu] ==> dir [/usr/lib/x86_64-linux-gnu]
    arg [-L/usr/lib/../lib] ==> dir [/usr/lib/../lib]
    arg [-L/usr/lib/gcc/x86_64-linux-gnu/5/../../..] ==> dir [/usr/lib/gcc/x86_64-linux-gnu/5/../../..]
    arg [CMakeFiles/cmTC_b7a31.dir/CMakeCXXCompilerABI.cpp.o] ==> ignore
    arg [-lstdc++] ==> lib [stdc++]
    arg [-lm] ==> lib [m]
    arg [-lgcc_s] ==> lib [gcc_s]
    arg [-lgcc] ==> lib [gcc]
    arg [-lc] ==> lib [c]
    arg [-lgcc_s] ==> lib [gcc_s]
    arg [-lgcc] ==> lib [gcc]
    arg [/usr/lib/gcc/x86_64-linux-gnu/5/crtend.o] ==> ignore
    arg [/usr/lib/gcc/x86_64-linux-gnu/5/../../../x86_64-linux-gnu/crtn.o] ==> ignore
  remove lib [gcc_s]
  remove lib [gcc]
  remove lib [gcc_s]
  remove lib [gcc]
  collapse library dir [/usr/lib/gcc/x86_64-linux-gnu/5] ==> [/usr/lib/gcc/x86_64-linux-gnu/5]
  collapse library dir [/usr/lib/gcc/x86_64-linux-gnu/5/../../../x86_64-linux-gnu] ==> [/usr/lib/x86_64-linux-gnu]
  collapse library dir [/usr/lib/gcc/x86_64-linux-gnu/5/../../../../lib] ==> [/usr/lib]
  collapse library dir [/lib/x86_64-linux-gnu] ==> [/lib/x86_64-linux-gnu]
  collapse library dir [/lib/../lib] ==> [/lib]
  collapse library dir [/usr/lib/x86_64-linux-gnu] ==> [/usr/lib/x86_64-linux-gnu]
  collapse library dir [/usr/lib/../lib] ==> [/usr/lib]
  collapse library dir [/usr/lib/gcc/x86_64-linux-gnu/5/../../..] ==> [/usr/lib]
  implicit libs: [stdc++;m;c]
  implicit dirs: [/usr/lib/gcc/x86_64-linux-gnu/5;/usr/lib/x86_64-linux-gnu;/usr/lib;/lib/x86_64-linux-gnu;/lib]
  implicit fwks: []




Detecting CXX [-std=c++14] compiler features compiled with the following output:
Change Dir: /mds-sfm/pipelines/opencv-2.4.11/release/CMakeFiles/CMakeTmp

Run Build Command:"/usr/bin/make" "cmTC_c3bab/fast"
/usr/bin/make -f CMakeFiles/cmTC_c3bab.dir/build.make CMakeFiles/cmTC_c3bab.dir/build
make[1]: Entering directory '/mds-sfm/pipelines/opencv-2.4.11/release/CMakeFiles/CMakeTmp'
Building CXX object CMakeFiles/cmTC_c3bab.dir/feature_tests.cxx.o
/usr/bin/g++     -std=c++14 -o CMakeFiles/cmTC_c3bab.dir/feature_tests.cxx.o -c /mds-sfm/pipelines/opencv-2.4.11/release/CMakeFiles/feature_tests.cxx
Linking CXX executable cmTC_c3bab
/usr/bin/cmake -E cmake_link_script CMakeFiles/cmTC_c3bab.dir/link.txt --verbose=1
/usr/bin/g++        CMakeFiles/cmTC_c3bab.dir/feature_tests.cxx.o  -o cmTC_c3bab -rdynamic 
make[1]: Leaving directory '/mds-sfm/pipelines/opencv-2.4.11/release/CMakeFiles/CMakeTmp'


    Feature record: CXX_FEATURE:1cxx_aggregate_default_initializers
    Feature record: CXX_FEATURE:1cxx_alias_templates
    Feature record: CXX_FEATURE:1cxx_alignas
    Feature record: CXX_FEATURE:1cxx_alignof
    Feature record: CXX_FEATURE:1cxx_attributes
    Feature record: CXX_FEATURE:1cxx_attribute_deprecated
    Feature record: CXX_FEATURE:1cxx_auto_type
    Feature record: CXX_FEATURE:1cxx_binary_literals
    Feature record: CXX_FEATURE:1cxx_constexpr
    Feature record: CXX_FEATURE:1cxx_contextual_conversions
    Feature record: CXX_FEATURE:1cxx_decltype
    Feature record: CXX_FEATURE:1cxx_decltype_auto
    Feature record: CXX_FEATURE:1cxx_decltype_incomplete_return_types
    Feature record: CXX_FEATURE:1cxx_default_function_template_args
    Feature record: CXX_FEATURE:1cxx_defaulted_functions
    Feature record: CXX_FEATURE:1cxx_defaulted_move_initializers
    Feature record: CXX_FEATURE:1cxx_delegating_constructors
    Feature record: CXX_FEATURE:1cxx_deleted_functions
    Feature record: CXX_FEATURE:1cxx_digit_separators
    Feature record: CXX_FEATURE:1cxx_enum_forward_declarations
    Feature record: CXX_FEATURE:1cxx_explicit_conversions
    Feature record: CXX_FEATURE:1cxx_extended_friend_declarations
    Feature record: CXX_FEATURE:1cxx_extern_templates
    Feature record: CXX_FEATURE:1cxx_final
    Feature record: CXX_FEATURE:1cxx_func_identifier
    Feature record: CXX_FEATURE:1cxx_generalized_initializers
    Feature record: CXX_FEATURE:1cxx_generic_lambdas
    Feature record: CXX_FEATURE:1cxx_inheriting_constructors
    Feature record: CXX_FEATURE:1cxx_inline_namespaces
    Feature record: CXX_FEATURE:1cxx_lambdas
    Feature record: CXX_FEATURE:1cxx_lambda_init_captures
    Feature record: CXX_FEATURE:1cxx_local_type_template_args
    Feature record: CXX_FEATURE:1cxx_long_long_type
    Feature record: CXX_FEATURE:1cxx_noexcept
    Feature record: CXX_FEATURE:1cxx_nonstatic_member_init
    Feature record: CXX_FEATURE:1cxx_nullptr
    Feature record: CXX_FEATURE:1cxx_override
    Feature record: CXX_FEATURE:1cxx_range_for
    Feature record: CXX_FEATURE:1cxx_raw_string_literals
    Feature record: CXX_FEATURE:1cxx_reference_qualified_functions
    Feature record: CXX_FEATURE:1cxx_relaxed_constexpr
    Feature record: CXX_FEATURE:1cxx_return_type_deduction
    Feature record: CXX_FEATURE:1cxx_right_angle_brackets
    Feature record: CXX_FEATURE:1cxx_rvalue_references
    Feature record: CXX_FEATURE:1cxx_sizeof_member
    Feature record: CXX_FEATURE:1cxx_static_assert
    Feature record: CXX_FEATURE:1cxx_strong_enums
    Feature record: CXX_FEATURE:1cxx_template_template_parameters
    Feature record: CXX_FEATURE:1cxx_thread_local
    Feature record: CXX_FEATURE:1cxx_trailing_return_types
    Feature record: CXX_FEATURE:1cxx_unicode_literals
    Feature record: CXX_FEATURE:1cxx_uniform_initialization
    Feature record: CXX_FEATURE:1cxx_unrestricted_unions
    Feature record: CXX_FEATURE:1cxx_user_literals
    Feature record: CXX_FEATURE:1cxx_variable_templates
    Feature record: CXX_FEATURE:1cxx_variadic_macros
    Feature record: CXX_FEATURE:1cxx_variadic_templates


Detecting CXX [-std=c++11] compiler features compiled with the following output:
Change Dir: /mds-sfm/pipelines/opencv-2.4.11/release/CMakeFiles/CMakeTmp

Run Build Command:"/usr/bin/make" "cmTC_d736d/fast"
/usr/bin/make -f CMakeFiles/cmTC_d736d.dir/build.make CMakeFiles/cmTC_d736d.dir/build
make[1]: Entering directory '/mds-sfm/pipelines/opencv-2.4.11/release/CMakeFiles/CMakeTmp'
Building CXX object CMakeFiles/cmTC_d736d.dir/feature_tests.cxx.o
/usr/bin/g++     -std=c++11 -o CMakeFiles/cmTC_d736d.dir/feature_tests.cxx.o -c /mds-sfm/pipelines/opencv-2.4.11/release/CMakeFiles/feature_tests.cxx
Linking CXX executable cmTC_d736d
/usr/bin/cmake -E cmake_link_script CMakeFiles/cmTC_d736d.dir/link.txt --verbose=1
/usr/bin/g++        CMakeFiles/cmTC_d736d.dir/feature_tests.cxx.o  -o cmTC_d736d -rdynamic 
make[1]: Leaving directory '/mds-sfm/pipelines/opencv-2.4.11/release/CMakeFiles/CMakeTmp'


    Feature record: CXX_FEATURE:0cxx_aggregate_default_initializers
    Feature record: CXX_FEATURE:1cxx_alias_templates
    Feature record: CXX_FEATURE:1cxx_alignas
    Feature record: CXX_FEATURE:1cxx_alignof
    Feature record: CXX_FEATURE:1cxx_attributes
    Feature record: CXX_FEATURE:0cxx_attribute_deprecated
    Feature record: CXX_FEATURE:1cxx_auto_type
    Feature record: CXX_FEATURE:0cxx_binary_literals
    Feature record: CXX_FEATURE:1cxx_constexpr
    Feature record: CXX_FEATURE:0cxx_contextual_conversions
    Feature record: CXX_FEATURE:1cxx_decltype
    Feature record: CXX_FEATURE:0cxx_decltype_auto
    Feature record: CXX_FEATURE:1cxx_decltype_incomplete_return_types
    Feature record: CXX_FEATURE:1cxx_default_function_template_args
    Feature record: CXX_FEATURE:1cxx_defaulted_functions
    Feature record: CXX_FEATURE:1cxx_defaulted_move_initializers
    Feature record: CXX_FEATURE:1cxx_delegating_constructors
    Feature record: CXX_FEATURE:1cxx_deleted_functions
    Feature record: CXX_FEATURE:0cxx_digit_separators
    Feature record: CXX_FEATURE:1cxx_enum_forward_declarations
    Feature record: CXX_FEATURE:1cxx_explicit_conversions
    Feature record: CXX_FEATURE:1cxx_extended_friend_declarations
    Feature record: CXX_FEATURE:1cxx_extern_templates
    Feature record: CXX_FEATURE:1cxx_final
    Feature record: CXX_FEATURE:1cxx_func_identifier
    Feature record: CXX_FEATURE:1cxx_generalized_initializers
    Feature record: CXX_FEATURE:0cxx_generic_lambdas
    Feature record: CXX_FEATURE:1cxx_inheriting_constructors
    Feature record: CXX_FEATURE:1cxx_inline_namespaces
    Feature record: CXX_FEATURE:1cxx_lambdas
    Feature record: CXX_FEATURE:0cxx_lambda_init_captures
    Feature record: CXX_FEATURE:1cxx_local_type_template_args
    Feature record: CXX_FEATURE:1cxx_long_long_type
    Feature record: CXX_FEATURE:1cxx_noexcept
    Feature record: CXX_FEATURE:1cxx_nonstatic_member_init
    Feature record: CXX_FEATURE:1cxx_nullptr
    Feature record: CXX_FEATURE:1cxx_override
    Feature record: CXX_FEATURE:1cxx_range_for
    Feature record: CXX_FEATURE:1cxx_raw_string_literals
    Feature record: CXX_FEATURE:1cxx_reference_qualified_functions
    Feature record: CXX_FEATURE:0cxx_relaxed_constexpr
    Feature record: CXX_FEATURE:0cxx_return_type_deduction
    Feature record: CXX_FEATURE:1cxx_right_angle_brackets
    Feature record: CXX_FEATURE:1cxx_rvalue_references
    Feature record: CXX_FEATURE:1cxx_sizeof_member
    Feature record: CXX_FEATURE:1cxx_static_assert
    Feature record: CXX_FEATURE:1cxx_strong_enums
    Feature record: CXX_FEATURE:1cxx_template_template_parameters
    Feature record: CXX_FEATURE:1cxx_thread_local
    Feature record: CXX_FEATURE:1cxx_trailing_return_types
    Feature record: CXX_FEATURE:1cxx_unicode_literals
    Feature record: CXX_FEATURE:1cxx_uniform_initialization
    Feature record: CXX_FEATURE:1cxx_unrestricted_unions
    Feature record: CXX_FEATURE:1cxx_user_literals
    Feature record: CXX_FEATURE:0cxx_variable_templates
    Feature record: CXX_FEATURE:1cxx_variadic_macros
    Feature record: CXX_FEATURE:1cxx_variadic_templates


Detecting CXX [-std=c++98] compiler features compiled with the following output:
Change Dir: /mds-sfm/pipelines/opencv-2.4.11/release/CMakeFiles/CMakeTmp

Run Build Command:"/usr/bin/make" "cmTC_befa8/fast"
/usr/bin/make -f CMakeFiles/cmTC_befa8.dir/build.make CMakeFiles/cmTC_befa8.dir/build
make[1]: Entering directory '/mds-sfm/pipelines/opencv-2.4.11/release/CMakeFiles/CMakeTmp'
Building CXX object CMakeFiles/cmTC_befa8.dir/feature_tests.cxx.o
/usr/bin/g++     -std=c++98 -o CMakeFiles/cmTC_befa8.dir/feature_tests.cxx.o -c /mds-sfm/pipelines/opencv-2.4.11/release/CMakeFiles/feature_tests.cxx
Linking CXX executable cmTC_befa8
/usr/bin/cmake -E cmake_link_script CMakeFiles/cmTC_befa8.dir/link.txt --verbose=1
/usr/bin/g++        CMakeFiles/cmTC_befa8.dir/feature_tests.cxx.o  -o cmTC_befa8 -rdynamic 
make[1]: Leaving directory '/mds-sfm/pipelines/opencv-2.4.11/release/CMakeFiles/CMakeTmp'


    Feature record: CXX_FEATURE:0cxx_aggregate_default_initializers
    Feature record: CXX_FEATURE:0cxx_alias_templates
    Feature record: CXX_FEATURE:0cxx_alignas
    Feature record: CXX_FEATURE:0cxx_alignof
    Feature record: CXX_FEATURE:0cxx_attributes
    Feature record: CXX_FEATURE:0cxx_attribute_deprecated
    Feature record: CXX_FEATURE:0cxx_auto_type
    Feature record: CXX_FEATURE:0cxx_binary_literals
    Feature record: CXX_FEATURE:0cxx_constexpr
    Feature record: CXX_FEATURE:0cxx_contextual_conversions
    Feature record: CXX_FEATURE:0cxx_decltype
    Feature record: CXX_FEATURE:0cxx_decltype_auto
    Feature record: CXX_FEATURE:0cxx_decltype_incomplete_return_types
    Feature record: CXX_FEATURE:0cxx_default_function_template_args
    Feature record: CXX_FEATURE:0cxx_defaulted_functions
    Feature record: CXX_FEATURE:0cxx_defaulted_move_initializers
    Feature record: CXX_FEATURE:0cxx_delegating_constructors
    Feature record: CXX_FEATURE:0cxx_deleted_functions
    Feature record: CXX_FEATURE:0cxx_digit_separators
    Feature record: CXX_FEATURE:0cxx_enum_forward_declarations
    Feature record: CXX_FEATURE:0cxx_explicit_conversions
    Feature record: CXX_FEATURE:0cxx_extended_friend_declarations
    Feature record: CXX_FEATURE:0cxx_extern_templates
    Feature record: CXX_FEATURE:0cxx_final
    Feature record: CXX_FEATURE:0cxx_func_identifier
    Feature record: CXX_FEATURE:0cxx_generalized_initializers
    Feature record: CXX_FEATURE:0cxx_generic_lambdas
    Feature record: CXX_FEATURE:0cxx_inheriting_constructors
    Feature record: CXX_FEATURE:0cxx_inline_namespaces
    Feature record: CXX_FEATURE:0cxx_lambdas
    Feature record: CXX_FEATURE:0cxx_lambda_init_captures
    Feature record: CXX_FEATURE:0cxx_local_type_template_args
    Feature record: CXX_FEATURE:0cxx_long_long_type
    Feature record: CXX_FEATURE:0cxx_noexcept
    Feature record: CXX_FEATURE:0cxx_nonstatic_member_init
    Feature record: CXX_FEATURE:0cxx_nullptr
    Feature record: CXX_FEATURE:0cxx_override
    Feature record: CXX_FEATURE:0cxx_range_for
    Feature record: CXX_FEATURE:0cxx_raw_string_literals
    Feature record: CXX_FEATURE:0cxx_reference_qualified_functions
    Feature record: CXX_FEATURE:0cxx_relaxed_constexpr
    Feature record: CXX_FEATURE:0cxx_return_type_deduction
    Feature record: CXX_FEATURE:0cxx_right_angle_brackets
    Feature record: CXX_FEATURE:0cxx_rvalue_references
    Feature record: CXX_FEATURE:0cxx_sizeof_member
    Feature record: CXX_FEATURE:0cxx_static_assert
    Feature record: CXX_FEATURE:0cxx_strong_enums
    Feature record: CXX_FEATURE:1cxx_template_template_parameters
    Feature record: CXX_FEATURE:0cxx_thread_local
    Feature record: CXX_FEATURE:0cxx_trailing_return_types
    Feature record: CXX_FEATURE:0cxx_unicode_literals
    Feature record: CXX_FEATURE:0cxx_uniform_initialization
    Feature record: CXX_FEATURE:0cxx_unrestricted_unions
    Feature record: CXX_FEATURE:0cxx_user_literals
    Feature record: CXX_FEATURE:0cxx_variable_templates
    Feature record: CXX_FEATURE:0cxx_variadic_macros
    Feature record: CXX_FEATURE:0cxx_variadic_templates
Determining if the C compiler works passed with the following output:
Change Dir: /mds-sfm/pipelines/opencv-2.4.11/release/CMakeFiles/CMakeTmp

Run Build Command:"/usr/bin/make" "cmTC_f9b0a/fast"
/usr/bin/make -f CMakeFiles/cmTC_f9b0a.dir/build.make CMakeFiles/cmTC_f9b0a.dir/build
make[1]: Entering directory '/mds-sfm/pipelines/opencv-2.4.11/release/CMakeFiles/CMakeTmp'
Building C object CMakeFiles/cmTC_f9b0a.dir/testCCompiler.c.o
/usr/bin/cc     -o CMakeFiles/cmTC_f9b0a.dir/testCCompiler.c.o   -c /mds-sfm/pipelines/opencv-2.4.11/release/CMakeFiles/CMakeTmp/testCCompiler.c
Linking C executable cmTC_f9b0a
/usr/bin/cmake -E cmake_link_script CMakeFiles/cmTC_f9b0a.dir/link.txt --verbose=1
/usr/bin/cc       CMakeFiles/cmTC_f9b0a.dir/testCCompiler.c.o  -o cmTC_f9b0a -rdynamic 
make[1]: Leaving directory '/mds-sfm/pipelines/opencv-2.4.11/release/CMakeFiles/CMakeTmp'


Detecting C compiler ABI info compiled with the following output:
Change Dir: /mds-sfm/pipelines/opencv-2.4.11/release/CMakeFiles/CMakeTmp

Run Build Command:"/usr/bin/make" "cmTC_f3333/fast"
/usr/bin/make -f CMakeFiles/cmTC_f3333.dir/build.make CMakeFiles/cmTC_f3333.dir/build
make[1]: Entering directory '/mds-sfm/pipelines/opencv-2.4.11/release/CMakeFiles/CMakeTmp'
Building C object CMakeFiles/cmTC_f3333.dir/CMakeCCompilerABI.c.o
/usr/bin/cc     -o CMakeFiles/cmTC_f3333.dir/CMakeCCompilerABI.c.o   -c /usr/share/cmake-3.5/Modules/CMakeCCompilerABI.c
Linking C executable cmTC_f3333
/usr/bin/cmake -E cmake_link_script CMakeFiles/cmTC_f3333.dir/link.txt --verbose=1
/usr/bin/cc      -v CMakeFiles/cmTC_f3333.dir/CMakeCCompilerABI.c.o  -o cmTC_f3333 -rdynamic  
Using built-in specs.
COLLECT_GCC=/usr/bin/cc
COLLECT_LTO_WRAPPER=/usr/lib/gcc/x86_64-linux-gnu/5/lto-wrapper
Target: x86_64-linux-gnu
Configured with: ../src/configure -v --with-pkgversion='Ubuntu 5.4.0-6ubuntu1~16.04.11' --with-bugurl=file:///usr/share/doc/gcc-5/README.Bugs --enable-languages=c,ada,c++,java,go,d,fortran,objc,obj-c++ --prefix=/usr --program-suffix=-5 --enable-shared --enable-linker-build-id --libexecdir=/usr/lib --without-included-gettext --enable-threads=posix --libdir=/usr/lib --enable-nls --with-sysroot=/ --enable-clocale=gnu --enable-libstdcxx-debug --enable-libstdcxx-time=yes --with-default-libstdcxx-abi=new --enable-gnu-unique-object --disable-vtable-verify --enable-libmpx --enable-plugin --with-system-zlib --disable-browser-plugin --enable-java-awt=gtk --enable-gtk-cairo --with-java-home=/usr/lib/jvm/java-1.5.0-gcj-5-amd64/jre --enable-java-home --with-jvm-root-dir=/usr/lib/jvm/java-1.5.0-gcj-5-amd64 --with-jvm-jar-dir=/usr/lib/jvm-exports/java-1.5.0-gcj-5-amd64 --with-arch-directory=amd64 --with-ecj-jar=/usr/share/java/eclipse-ecj.jar --enable-objc-gc --enable-multiarch --disable-werror --with-arch-32=i686 --with-abi=m64 --with-multilib-list=m32,m64,mx32 --enable-multilib --with-tune=generic --enable-checking=release --build=x86_64-linux-gnu --host=x86_64-linux-gnu --target=x86_64-linux-gnu
Thread model: posix
gcc version 5.4.0 20160609 (Ubuntu 5.4.0-6ubuntu1~16.04.11) 
COMPILER_PATH=/usr/lib/gcc/x86_64-linux-gnu/5/:/usr/lib/gcc/x86_64-linux-gnu/5/:/usr/lib/gcc/x86_64-linux-gnu/:/usr/lib/gcc/x86_64-linux-gnu/5/:/usr/lib/gcc/x86_64-linux-gnu/
LIBRARY_PATH=/usr/lib/gcc/x86_64-linux-gnu/5/:/usr/lib/gcc/x86_64-linux-gnu/5/../../../x86_64-linux-gnu/:/usr/lib/gcc/x86_64-linux-gnu/5/../../../../lib/:/lib/x86_64-linux-gnu/:/lib/../lib/:/usr/lib/x86_64-linux-gnu/:/usr/lib/../lib/:/usr/lib/gcc/x86_64-linux-gnu/5/../../../:/lib/:/usr/lib/
COLLECT_GCC_OPTIONS='-v' '-o' 'cmTC_f3333' '-rdynamic' '-mtune=generic' '-march=x86-64'
 /usr/lib/gcc/x86_64-linux-gnu/5/collect2 -plugin /usr/lib/gcc/x86_64-linux-gnu/5/liblto_plugin.so -plugin-opt=/usr/lib/gcc/x86_64-linux-gnu/5/lto-wrapper -plugin-opt=-fresolution=/tmp/cct7v3y9.res -plugin-opt=-pass-through=-lgcc -plugin-opt=-pass-through=-lgcc_s -plugin-opt=-pass-through=-lc -plugin-opt=-pass-through=-lgcc -plugin-opt=-pass-through=-lgcc_s --sysroot=/ --build-id --eh-frame-hdr -m elf_x86_64 --hash-style=gnu --as-needed -export-dynamic -dynamic-linker /lib64/ld-linux-x86-64.so.2 -z relro -o cmTC_f3333 /usr/lib/gcc/x86_64-linux-gnu/5/../../../x86_64-linux-gnu/crt1.o /usr/lib/gcc/x86_64-linux-gnu/5/../../../x86_64-linux-gnu/crti.o /usr/lib/gcc/x86_64-linux-gnu/5/crtbegin.o -L/usr/lib/gcc/x86_64-linux-gnu/5 -L/usr/lib/gcc/x86_64-linux-gnu/5/../../../x86_64-linux-gnu -L/usr/lib/gcc/x86_64-linux-gnu/5/../../../../lib -L/lib/x86_64-linux-gnu -L/lib/../lib -L/usr/lib/x86_64-linux-gnu -L/usr/lib/../lib -L/usr/lib/gcc/x86_64-linux-gnu/5/../../.. CMakeFiles/cmTC_f3333.dir/CMakeCCompilerABI.c.o -lgcc --as-needed -lgcc_s --no-as-needed -lc -lgcc --as-needed -lgcc_s --no-as-needed /usr/lib/gcc/x86_64-linux-gnu/5/crtend.o /usr/lib/gcc/x86_64-linux-gnu/5/../../../x86_64-linux-gnu/crtn.o
make[1]: Leaving directory '/mds-sfm/pipelines/opencv-2.4.11/release/CMakeFiles/CMakeTmp'


Parsed C implicit link information from above output:
  link line regex: [^( *|.*[/\])(ld|([^/\]+-)?ld|collect2)[^/\]*( |$)]
  ignore line: [Change Dir: /mds-sfm/pipelines/opencv-2.4.11/release/CMakeFiles/CMakeTmp]
  ignore line: []
  ignore line: [Run Build Command:"/usr/bin/make" "cmTC_f3333/fast"]
  ignore line: [/usr/bin/make -f CMakeFiles/cmTC_f3333.dir/build.make CMakeFiles/cmTC_f3333.dir/build]
  ignore line: [make[1]: Entering directory '/mds-sfm/pipelines/opencv-2.4.11/release/CMakeFiles/CMakeTmp']
  ignore line: [Building C object CMakeFiles/cmTC_f3333.dir/CMakeCCompilerABI.c.o]
  ignore line: [/usr/bin/cc     -o CMakeFiles/cmTC_f3333.dir/CMakeCCompilerABI.c.o   -c /usr/share/cmake-3.5/Modules/CMakeCCompilerABI.c]
  ignore line: [Linking C executable cmTC_f3333]
  ignore line: [/usr/bin/cmake -E cmake_link_script CMakeFiles/cmTC_f3333.dir/link.txt --verbose=1]
  ignore line: [/usr/bin/cc      -v CMakeFiles/cmTC_f3333.dir/CMakeCCompilerABI.c.o  -o cmTC_f3333 -rdynamic  ]
  ignore line: [Using built-in specs.]
  ignore line: [COLLECT_GCC=/usr/bin/cc]
  ignore line: [COLLECT_LTO_WRAPPER=/usr/lib/gcc/x86_64-linux-gnu/5/lto-wrapper]
  ignore line: [Target: x86_64-linux-gnu]
  ignore line: [Configured with: ../src/configure -v --with-pkgversion='Ubuntu 5.4.0-6ubuntu1~16.04.11' --with-bugurl=file:///usr/share/doc/gcc-5/README.Bugs --enable-languages=c,ada,c++,java,go,d,fortran,objc,obj-c++ --prefix=/usr --program-suffix=-5 --enable-shared --enable-linker-build-id --libexecdir=/usr/lib --without-included-gettext --enable-threads=posix --libdir=/usr/lib --enable-nls --with-sysroot=/ --enable-clocale=gnu --enable-libstdcxx-debug --enable-libstdcxx-time=yes --with-default-libstdcxx-abi=new --enable-gnu-unique-object --disable-vtable-verify --enable-libmpx --enable-plugin --with-system-zlib --disable-browser-plugin --enable-java-awt=gtk --enable-gtk-cairo --with-java-home=/usr/lib/jvm/java-1.5.0-gcj-5-amd64/jre --enable-java-home --with-jvm-root-dir=/usr/lib/jvm/java-1.5.0-gcj-5-amd64 --with-jvm-jar-dir=/usr/lib/jvm-exports/java-1.5.0-gcj-5-amd64 --with-arch-directory=amd64 --with-ecj-jar=/usr/share/java/eclipse-ecj.jar --enable-objc-gc --enable-multiarch --disable-werror --with-arch-32=i686 --with-abi=m64 --with-multilib-list=m32,m64,mx32 --enable-multilib --with-tune=generic --enable-checking=release --build=x86_64-linux-gnu --host=x86_64-linux-gnu --target=x86_64-linux-gnu]
  ignore line: [Thread model: posix]
  ignore line: [gcc version 5.4.0 20160609 (Ubuntu 5.4.0-6ubuntu1~16.04.11) ]
  ignore line: [COMPILER_PATH=/usr/lib/gcc/x86_64-linux-gnu/5/:/usr/lib/gcc/x86_64-linux-gnu/5/:/usr/lib/gcc/x86_64-linux-gnu/:/usr/lib/gcc/x86_64-linux-gnu/5/:/usr/lib/gcc/x86_64-linux-gnu/]
  ignore line: [LIBRARY_PATH=/usr/lib/gcc/x86_64-linux-gnu/5/:/usr/lib/gcc/x86_64-linux-gnu/5/../../../x86_64-linux-gnu/:/usr/lib/gcc/x86_64-linux-gnu/5/../../../../lib/:/lib/x86_64-linux-gnu/:/lib/../lib/:/usr/lib/x86_64-linux-gnu/:/usr/lib/../lib/:/usr/lib/gcc/x86_64-linux-gnu/5/../../../:/lib/:/usr/lib/]
  ignore line: [COLLECT_GCC_OPTIONS='-v' '-o' 'cmTC_f3333' '-rdynamic' '-mtune=generic' '-march=x86-64']
  link line: [ /usr/lib/gcc/x86_64-linux-gnu/5/collect2 -plugin /usr/lib/gcc/x86_64-linux-gnu/5/liblto_plugin.so -plugin-opt=/usr/lib/gcc/x86_64-linux-gnu/5/lto-wrapper -plugin-opt=-fresolution=/tmp/cct7v3y9.res -plugin-opt=-pass-through=-lgcc -plugin-opt=-pass-through=-lgcc_s -plugin-opt=-pass-through=-lc -plugin-opt=-pass-through=-lgcc -plugin-opt=-pass-through=-lgcc_s --sysroot=/ --build-id --eh-frame-hdr -m elf_x86_64 --hash-style=gnu --as-needed -export-dynamic -dynamic-linker /lib64/ld-linux-x86-64.so.2 -z relro -o cmTC_f3333 /usr/lib/gcc/x86_64-linux-gnu/5/../../../x86_64-linux-gnu/crt1.o /usr/lib/gcc/x86_64-linux-gnu/5/../../../x86_64-linux-gnu/crti.o /usr/lib/gcc/x86_64-linux-gnu/5/crtbegin.o -L/usr/lib/gcc/x86_64-linux-gnu/5 -L/usr/lib/gcc/x86_64-linux-gnu/5/../../../x86_64-linux-gnu -L/usr/lib/gcc/x86_64-linux-gnu/5/../../../../lib -L/lib/x86_64-linux-gnu -L/lib/../lib -L/usr/lib/x86_64-linux-gnu -L/usr/lib/../lib -L/usr/lib/gcc/x86_64-linux-gnu/5/../../.. CMakeFiles/cmTC_f3333.dir/CMakeCCompilerABI.c.o -lgcc --as-needed -lgcc_s --no-as-needed -lc -lgcc --as-needed -lgcc_s --no-as-needed /usr/lib/gcc/x86_64-linux-gnu/5/crtend.o /usr/lib/gcc/x86_64-linux-gnu/5/../../../x86_64-linux-gnu/crtn.o]
    arg [/usr/lib/gcc/x86_64-linux-gnu/5/collect2] ==> ignore
    arg [-plugin] ==> ignore
    arg [/usr/lib/gcc/x86_64-linux-gnu/5/liblto_plugin.so] ==> ignore
    arg [-plugin-opt=/usr/lib/gcc/x86_64-linux-gnu/5/lto-wrapper] ==> ignore
    arg [-plugin-opt=-fresolution=/tmp/cct7v3y9.res] ==> ignore
    arg [-plugin-opt=-pass-through=-lgcc] ==> ignore
    arg [-plugin-opt=-pass-through=-lgcc_s] ==> ignore
    arg [-plugin-opt=-pass-through=-lc] ==> ignore
    arg [-plugin-opt=-pass-through=-lgcc] ==> ignore
    arg [-plugin-opt=-pass-through=-lgcc_s] ==> ignore
    arg [--sysroot=/] ==> ignore
    arg [--build-id] ==> ignore
    arg [--eh-frame-hdr] ==> ignore
    arg [-m] ==> ignore
    arg [elf_x86_64] ==> ignore
    arg [--hash-style=gnu] ==> ignore
    arg [--as-needed] ==> ignore
    arg [-export-dynamic] ==> ignore
    arg [-dynamic-linker] ==> ignore
    arg [/lib64/ld-linux-x86-64.so.2] ==> ignore
    arg [-zrelro] ==> ignore
    arg [-o] ==> ignore
    arg [cmTC_f3333] ==> ignore
    arg [/usr/lib/gcc/x86_64-linux-gnu/5/../../../x86_64-linux-gnu/crt1.o] ==> ignore
    arg [/usr/lib/gcc/x86_64-linux-gnu/5/../../../x86_64-linux-gnu/crti.o] ==> ignore
    arg [/usr/lib/gcc/x86_64-linux-gnu/5/crtbegin.o] ==> ignore
    arg [-L/usr/lib/gcc/x86_64-linux-gnu/5] ==> dir [/usr/lib/gcc/x86_64-linux-gnu/5]
    arg [-L/usr/lib/gcc/x86_64-linux-gnu/5/../../../x86_64-linux-gnu] ==> dir [/usr/lib/gcc/x86_64-linux-gnu/5/../../../x86_64-linux-gnu]
    arg [-L/usr/lib/gcc/x86_64-linux-gnu/5/../../../../lib] ==> dir [/usr/lib/gcc/x86_64-linux-gnu/5/../../../../lib]
    arg [-L/lib/x86_64-linux-gnu] ==> dir [/lib/x86_64-linux-gnu]
    arg [-L/lib/../lib] ==> dir [/lib/../lib]
    arg [-L/usr/lib/x86_64-linux-gnu] ==> dir [/usr/lib/x86_64-linux-gnu]
    arg [-L/usr/lib/../lib] ==> dir [/usr/lib/../lib]
    arg [-L/usr/lib/gcc/x86_64-linux-gnu/5/../../..] ==> dir [/usr/lib/gcc/x86_64-linux-gnu/5/../../..]
    arg [CMakeFiles/cmTC_f3333.dir/CMakeCCompilerABI.c.o] ==> ignore
    arg [-lgcc] ==> lib [gcc]
    arg [--as-needed] ==> ignore
    arg [-lgcc_s] ==> lib [gcc_s]
    arg [--no-as-needed] ==> ignore
    arg [-lc] ==> lib [c]
    arg [-lgcc] ==> lib [gcc]
    arg [--as-needed] ==> ignore
    arg [-lgcc_s] ==> lib [gcc_s]
    arg [--no-as-needed] ==> ignore
    arg [/usr/lib/gcc/x86_64-linux-gnu/5/crtend.o] ==> ignore
    arg [/usr/lib/gcc/x86_64-linux-gnu/5/../../../x86_64-linux-gnu/crtn.o] ==> ignore
  remove lib [gcc]
  remove lib [gcc_s]
  remove lib [gcc]
  remove lib [gcc_s]
  collapse library dir [/usr/lib/gcc/x86_64-linux-gnu/5] ==> [/usr/lib/gcc/x86_64-linux-gnu/5]
  collapse library dir [/usr/lib/gcc/x86_64-linux-gnu/5/../../../x86_64-linux-gnu] ==> [/usr/lib/x86_64-linux-gnu]
  collapse library dir [/usr/lib/gcc/x86_64-linux-gnu/5/../../../../lib] ==> [/usr/lib]
  collapse library dir [/lib/x86_64-linux-gnu] ==> [/lib/x86_64-linux-gnu]
  collapse library dir [/lib/../lib] ==> [/lib]
  collapse library dir [/usr/lib/x86_64-linux-gnu] ==> [/usr/lib/x86_64-linux-gnu]
  collapse library dir [/usr/lib/../lib] ==> [/usr/lib]
  collapse library dir [/usr/lib/gcc/x86_64-linux-gnu/5/../../..] ==> [/usr/lib]
  implicit libs: [c]
  implicit dirs: [/usr/lib/gcc/x86_64-linux-gnu/5;/usr/lib/x86_64-linux-gnu;/usr/lib;/lib/x86_64-linux-gnu;/lib]
  implicit fwks: []




Detecting C [-std=c11] compiler features compiled with the following output:
Change Dir: /mds-sfm/pipelines/opencv-2.4.11/release/CMakeFiles/CMakeTmp

Run Build Command:"/usr/bin/make" "cmTC_eac2a/fast"
/usr/bin/make -f CMakeFiles/cmTC_eac2a.dir/build.make CMakeFiles/cmTC_eac2a.dir/build
make[1]: Entering directory '/mds-sfm/pipelines/opencv-2.4.11/release/CMakeFiles/CMakeTmp'
Building C object CMakeFiles/cmTC_eac2a.dir/feature_tests.c.o
/usr/bin/cc    -std=c11 -o CMakeFiles/cmTC_eac2a.dir/feature_tests.c.o   -c /mds-sfm/pipelines/opencv-2.4.11/release/CMakeFiles/feature_tests.c
Linking C executable cmTC_eac2a
/usr/bin/cmake -E cmake_link_script CMakeFiles/cmTC_eac2a.dir/link.txt --verbose=1
/usr/bin/cc       CMakeFiles/cmTC_eac2a.dir/feature_tests.c.o  -o cmTC_eac2a -rdynamic 
make[1]: Leaving directory '/mds-sfm/pipelines/opencv-2.4.11/release/CMakeFiles/CMakeTmp'


    Feature record: C_FEATURE:1c_function_prototypes
    Feature record: C_FEATURE:1c_restrict
    Feature record: C_FEATURE:1c_static_assert
    Feature record: C_FEATURE:1c_variadic_macros


Detecting C [-std=c99] compiler features compiled with the following output:
Change Dir: /mds-sfm/pipelines/opencv-2.4.11/release/CMakeFiles/CMakeTmp

Run Build Command:"/usr/bin/make" "cmTC_20369/fast"
/usr/bin/make -f CMakeFiles/cmTC_20369.dir/build.make CMakeFiles/cmTC_20369.dir/build
make[1]: Entering directory '/mds-sfm/pipelines/opencv-2.4.11/release/CMakeFiles/CMakeTmp'
Building C object CMakeFiles/cmTC_20369.dir/feature_tests.c.o
/usr/bin/cc    -std=c99 -o CMakeFiles/cmTC_20369.dir/feature_tests.c.o   -c /mds-sfm/pipelines/opencv-2.4.11/release/CMakeFiles/feature_tests.c
Linking C executable cmTC_20369
/usr/bin/cmake -E cmake_link_script CMakeFiles/cmTC_20369.dir/link.txt --verbose=1
/usr/bin/cc       CMakeFiles/cmTC_20369.dir/feature_tests.c.o  -o cmTC_20369 -rdynamic 
make[1]: Leaving directory '/mds-sfm/pipelines/opencv-2.4.11/release/CMakeFiles/CMakeTmp'


    Feature record: C_FEATURE:1c_function_prototypes
    Feature record: C_FEATURE:1c_restrict
    Feature record: C_FEATURE:0c_static_assert
    Feature record: C_FEATURE:1c_variadic_macros


Detecting C [-std=c90] compiler features compiled with the following output:
Change Dir: /mds-sfm/pipelines/opencv-2.4.11/release/CMakeFiles/CMakeTmp

Run Build Command:"/usr/bin/make" "cmTC_7b8fa/fast"
/usr/bin/make -f CMakeFiles/cmTC_7b8fa.dir/build.make CMakeFiles/cmTC_7b8fa.dir/build
make[1]: Entering directory '/mds-sfm/pipelines/opencv-2.4.11/release/CMakeFiles/CMakeTmp'
Building C object CMakeFiles/cmTC_7b8fa.dir/feature_tests.c.o
/usr/bin/cc    -std=c90 -o CMakeFiles/cmTC_7b8fa.dir/feature_tests.c.o   -c /mds-sfm/pipelines/opencv-2.4.11/release/CMakeFiles/feature_tests.c
Linking C executable cmTC_7b8fa
/usr/bin/cmake -E cmake_link_script CMakeFiles/cmTC_7b8fa.dir/link.txt --verbose=1
/usr/bin/cc       CMakeFiles/cmTC_7b8fa.dir/feature_tests.c.o  -o cmTC_7b8fa -rdynamic 
make[1]: Leaving directory '/mds-sfm/pipelines/opencv-2.4.11/release/CMakeFiles/CMakeTmp'


    Feature record: C_FEATURE:1c_function_prototypes
    Feature record: C_FEATURE:0c_restrict
    Feature record: C_FEATURE:0c_static_assert
    Feature record: C_FEATURE:0c_variadic_macros
Determining if the include file pthread.h exists passed with the following output:
Change Dir: /mds-sfm/pipelines/opencv-2.4.11/release/CMakeFiles/CMakeTmp

Run Build Command:"/usr/bin/make" "cmTC_7793b/fast"
/usr/bin/make -f CMakeFiles/cmTC_7793b.dir/build.make CMakeFiles/cmTC_7793b.dir/build
make[1]: Entering directory '/mds-sfm/pipelines/opencv-2.4.11/release/CMakeFiles/CMakeTmp'
Building C object CMakeFiles/cmTC_7793b.dir/CheckIncludeFile.c.o
/usr/bin/cc    -fPIC   -fsigned-char -W -Wall -Werror=return-type -Werror=address -Werror=sequence-point -Wformat -Werror=format-security -Wmissing-declarations -Wmissing-prototypes -Wstrict-prototypes -Wundef -Winit-self -Wpointer-arith -Wshadow -Wno-narrowing -fdiagnostics-show-option -Wno-long-long -pthread -fomit-frame-pointer -ffast-math -msse -msse2 -msse3 -ffunction-sections  -O3 -DNDEBUG   -o CMakeFiles/cmTC_7793b.dir/CheckIncludeFile.c.o   -c /mds-sfm/pipelines/opencv-2.4.11/release/CMakeFiles/CMakeTmp/CheckIncludeFile.c
Linking C executable cmTC_7793b
/usr/bin/cmake -E cmake_link_script CMakeFiles/cmTC_7793b.dir/link.txt --verbose=1
/usr/bin/cc   -fPIC   -fsigned-char -W -Wall -Werror=return-type -Werror=address -Werror=sequence-point -Wformat -Werror=format-security -Wmissing-declarations -Wmissing-prototypes -Wstrict-prototypes -Wundef -Winit-self -Wpointer-arith -Wshadow -Wno-narrowing -fdiagnostics-show-option -Wno-long-long -pthread -fomit-frame-pointer -ffast-math -msse -msse2 -msse3 -ffunction-sections  -O3 -DNDEBUG    CMakeFiles/cmTC_7793b.dir/CheckIncludeFile.c.o  -o cmTC_7793b -rdynamic 
make[1]: Leaving directory '/mds-sfm/pipelines/opencv-2.4.11/release/CMakeFiles/CMakeTmp'


Determining if the include file sys/types.h exists passed with the following output:
Change Dir: /mds-sfm/pipelines/opencv-2.4.11/release/CMakeFiles/CMakeTmp

Run Build Command:"/usr/bin/make" "cmTC_c92a3/fast"
/usr/bin/make -f CMakeFiles/cmTC_c92a3.dir/build.make CMakeFiles/cmTC_c92a3.dir/build
make[1]: Entering directory '/mds-sfm/pipelines/opencv-2.4.11/release/CMakeFiles/CMakeTmp'
Building C object CMakeFiles/cmTC_c92a3.dir/CheckIncludeFile.c.o
/usr/bin/cc    -fPIC   -fsigned-char -W -Wall -Werror=return-type -Werror=address -Werror=sequence-point -Wformat -Werror=format-security -Wmissing-declarations -Wmissing-prototypes -Wstrict-prototypes -Wundef -Winit-self -Wpointer-arith -Wshadow -Wno-narrowing -fdiagnostics-show-option -Wno-long-long -pthread -fomit-frame-pointer -ffast-math -msse -msse2 -msse3 -ffunction-sections  -O3 -DNDEBUG   -o CMakeFiles/cmTC_c92a3.dir/CheckIncludeFile.c.o   -c /mds-sfm/pipelines/opencv-2.4.11/release/CMakeFiles/CMakeTmp/CheckIncludeFile.c
Linking C executable cmTC_c92a3
/usr/bin/cmake -E cmake_link_script CMakeFiles/cmTC_c92a3.dir/link.txt --verbose=1
/usr/bin/cc   -fPIC   -fsigned-char -W -Wall -Werror=return-type -Werror=address -Werror=sequence-point -Wformat -Werror=format-security -Wmissing-declarations -Wmissing-prototypes -Wstrict-prototypes -Wundef -Winit-self -Wpointer-arith -Wshadow -Wno-narrowing -fdiagnostics-show-option -Wno-long-long -pthread -fomit-frame-pointer -ffast-math -msse -msse2 -msse3 -ffunction-sections  -O3 -DNDEBUG    CMakeFiles/cmTC_c92a3.dir/CheckIncludeFile.c.o  -o cmTC_c92a3 -rdynamic 
make[1]: Leaving directory '/mds-sfm/pipelines/opencv-2.4.11/release/CMakeFiles/CMakeTmp'


Determining if the include file stdint.h exists passed with the following output:
Change Dir: /mds-sfm/pipelines/opencv-2.4.11/release/CMakeFiles/CMakeTmp

Run Build Command:"/usr/bin/make" "cmTC_2d7e0/fast"
/usr/bin/make -f CMakeFiles/cmTC_2d7e0.dir/build.make CMakeFiles/cmTC_2d7e0.dir/build
make[1]: Entering directory '/mds-sfm/pipelines/opencv-2.4.11/release/CMakeFiles/CMakeTmp'
Building C object CMakeFiles/cmTC_2d7e0.dir/CheckIncludeFile.c.o
/usr/bin/cc    -fPIC   -fsigned-char -W -Wall -Werror=return-type -Werror=address -Werror=sequence-point -Wformat -Werror=format-security -Wmissing-declarations -Wmissing-prototypes -Wstrict-prototypes -Wundef -Winit-self -Wpointer-arith -Wshadow -Wno-narrowing -fdiagnostics-show-option -Wno-long-long -pthread -fomit-frame-pointer -ffast-math -msse -msse2 -msse3 -ffunction-sections  -O3 -DNDEBUG   -o CMakeFiles/cmTC_2d7e0.dir/CheckIncludeFile.c.o   -c /mds-sfm/pipelines/opencv-2.4.11/release/CMakeFiles/CMakeTmp/CheckIncludeFile.c
Linking C executable cmTC_2d7e0
/usr/bin/cmake -E cmake_link_script CMakeFiles/cmTC_2d7e0.dir/link.txt --verbose=1
/usr/bin/cc   -fPIC   -fsigned-char -W -Wall -Werror=return-type -Werror=address -Werror=sequence-point -Wformat -Werror=format-security -Wmissing-declarations -Wmissing-prototypes -Wstrict-prototypes -Wundef -Winit-self -Wpointer-arith -Wshadow -Wno-narrowing -fdiagnostics-show-option -Wno-long-long -pthread -fomit-frame-pointer -ffast-math -msse -msse2 -msse3 -ffunction-sections  -O3 -DNDEBUG    CMakeFiles/cmTC_2d7e0.dir/CheckIncludeFile.c.o  -o cmTC_2d7e0 -rdynamic 
make[1]: Leaving directory '/mds-sfm/pipelines/opencv-2.4.11/release/CMakeFiles/CMakeTmp'


Determining if the include file stddef.h exists passed with the following output:
Change Dir: /mds-sfm/pipelines/opencv-2.4.11/release/CMakeFiles/CMakeTmp

Run Build Command:"/usr/bin/make" "cmTC_de754/fast"
/usr/bin/make -f CMakeFiles/cmTC_de754.dir/build.make CMakeFiles/cmTC_de754.dir/build
make[1]: Entering directory '/mds-sfm/pipelines/opencv-2.4.11/release/CMakeFiles/CMakeTmp'
Building C object CMakeFiles/cmTC_de754.dir/CheckIncludeFile.c.o
/usr/bin/cc    -fPIC   -fsigned-char -W -Wall -Werror=return-type -Werror=address -Werror=sequence-point -Wformat -Werror=format-security -Wmissing-declarations -Wmissing-prototypes -Wstrict-prototypes -Wundef -Winit-self -Wpointer-arith -Wshadow -Wno-narrowing -fdiagnostics-show-option -Wno-long-long -pthread -fomit-frame-pointer -ffast-math -msse -msse2 -msse3 -ffunction-sections  -O3 -DNDEBUG   -o CMakeFiles/cmTC_de754.dir/CheckIncludeFile.c.o   -c /mds-sfm/pipelines/opencv-2.4.11/release/CMakeFiles/CMakeTmp/CheckIncludeFile.c
Linking C executable cmTC_de754
/usr/bin/cmake -E cmake_link_script CMakeFiles/cmTC_de754.dir/link.txt --verbose=1
/usr/bin/cc   -fPIC   -fsigned-char -W -Wall -Werror=return-type -Werror=address -Werror=sequence-point -Wformat -Werror=format-security -Wmissing-declarations -Wmissing-prototypes -Wstrict-prototypes -Wundef -Winit-self -Wpointer-arith -Wshadow -Wno-narrowing -fdiagnostics-show-option -Wno-long-long -pthread -fomit-frame-pointer -ffast-math -msse -msse2 -msse3 -ffunction-sections  -O3 -DNDEBUG    CMakeFiles/cmTC_de754.dir/CheckIncludeFile.c.o  -o cmTC_de754 -rdynamic 
make[1]: Leaving directory '/mds-sfm/pipelines/opencv-2.4.11/release/CMakeFiles/CMakeTmp'


Determining size of unsigned short passed with the following output:
Change Dir: /mds-sfm/pipelines/opencv-2.4.11/release/CMakeFiles/CMakeTmp

Run Build Command:"/usr/bin/make" "cmTC_58b53/fast"
/usr/bin/make -f CMakeFiles/cmTC_58b53.dir/build.make CMakeFiles/cmTC_58b53.dir/build
make[1]: Entering directory '/mds-sfm/pipelines/opencv-2.4.11/release/CMakeFiles/CMakeTmp'
Building C object CMakeFiles/cmTC_58b53.dir/CMAKE_SIZEOF_UNSIGNED_SHORT.c.o
/usr/bin/cc    -fPIC   -fsigned-char -W -Wall -Werror=return-type -Werror=address -Werror=sequence-point -Wformat -Werror=format-security -Wmissing-declarations -Wmissing-prototypes -Wstrict-prototypes -Wundef -Winit-self -Wpointer-arith -Wshadow -Wno-narrowing -fdiagnostics-show-option -Wno-long-long -pthread -fomit-frame-pointer -ffast-math -msse -msse2 -msse3 -ffunction-sections  -O3 -DNDEBUG   -o CMakeFiles/cmTC_58b53.dir/CMAKE_SIZEOF_UNSIGNED_SHORT.c.o   -c /mds-sfm/pipelines/opencv-2.4.11/release/CMakeFiles/CheckTypeSize/CMAKE_SIZEOF_UNSIGNED_SHORT.c
Linking C executable cmTC_58b53
/usr/bin/cmake -E cmake_link_script CMakeFiles/cmTC_58b53.dir/link.txt --verbose=1
/usr/bin/cc   -fPIC   -fsigned-char -W -Wall -Werror=return-type -Werror=address -Werror=sequence-point -Wformat -Werror=format-security -Wmissing-declarations -Wmissing-prototypes -Wstrict-prototypes -Wundef -Winit-self -Wpointer-arith -Wshadow -Wno-narrowing -fdiagnostics-show-option -Wno-long-long -pthread -fomit-frame-pointer -ffast-math -msse -msse2 -msse3 -ffunction-sections  -O3 -DNDEBUG    CMakeFiles/cmTC_58b53.dir/CMAKE_SIZEOF_UNSIGNED_SHORT.c.o  -o cmTC_58b53 -rdynamic 
make[1]: Leaving directory '/mds-sfm/pipelines/opencv-2.4.11/release/CMakeFiles/CMakeTmp'


Determining if the include file /usr/include/libpng/png.h exists passed with the following output:
Change Dir: /mds-sfm/pipelines/opencv-2.4.11/release/CMakeFiles/CMakeTmp

Run Build Command:"/usr/bin/make" "cmTC_53669/fast"
/usr/bin/make -f CMakeFiles/cmTC_53669.dir/build.make CMakeFiles/cmTC_53669.dir/build
make[1]: Entering directory '/mds-sfm/pipelines/opencv-2.4.11/release/CMakeFiles/CMakeTmp'
Building C object CMakeFiles/cmTC_53669.dir/CheckIncludeFile.c.o
/usr/bin/cc    -fPIC   -fsigned-char -W -Wall -Werror=return-type -Werror=address -Werror=sequence-point -Wformat -Werror=format-security -Wmissing-declarations -Wmissing-prototypes -Wstrict-prototypes -Wundef -Winit-self -Wpointer-arith -Wshadow -Wno-narrowing -fdiagnostics-show-option -Wno-long-long -pthread -fomit-frame-pointer -ffast-math -msse -msse2 -msse3 -ffunction-sections  -O3 -DNDEBUG   -o CMakeFiles/cmTC_53669.dir/CheckIncludeFile.c.o   -c /mds-sfm/pipelines/opencv-2.4.11/release/CMakeFiles/CMakeTmp/CheckIncludeFile.c
Linking C executable cmTC_53669
/usr/bin/cmake -E cmake_link_script CMakeFiles/cmTC_53669.dir/link.txt --verbose=1
/usr/bin/cc   -fPIC   -fsigned-char -W -Wall -Werror=return-type -Werror=address -Werror=sequence-point -Wformat -Werror=format-security -Wmissing-declarations -Wmissing-prototypes -Wstrict-prototypes -Wundef -Winit-self -Wpointer-arith -Wshadow -Wno-narrowing -fdiagnostics-show-option -Wno-long-long -pthread -fomit-frame-pointer -ffast-math -msse -msse2 -msse3 -ffunction-sections  -O3 -DNDEBUG    CMakeFiles/cmTC_53669.dir/CheckIncludeFile.c.o  -o cmTC_53669 -rdynamic 
make[1]: Leaving directory '/mds-sfm/pipelines/opencv-2.4.11/release/CMakeFiles/CMakeTmp'


Determining if the include file linux/videodev2.h exists passed with the following output:
Change Dir: /mds-sfm/pipelines/opencv-2.4.11/release/CMakeFiles/CMakeTmp

Run Build Command:"/usr/bin/make" "cmTC_07686/fast"
/usr/bin/make -f CMakeFiles/cmTC_07686.dir/build.make CMakeFiles/cmTC_07686.dir/build
make[1]: Entering directory '/mds-sfm/pipelines/opencv-2.4.11/release/CMakeFiles/CMakeTmp'
Building C object CMakeFiles/cmTC_07686.dir/CheckIncludeFile.c.o
/usr/bin/cc    -fPIC   -fsigned-char -W -Wall -Werror=return-type -Werror=address -Werror=sequence-point -Wformat -Werror=format-security -Wmissing-declarations -Wmissing-prototypes -Wstrict-prototypes -Wundef -Winit-self -Wpointer-arith -Wshadow -Wno-narrowing -fdiagnostics-show-option -Wno-long-long -pthread -fomit-frame-pointer -ffast-math -msse -msse2 -msse3 -ffunction-sections  -O3 -DNDEBUG   -o CMakeFiles/cmTC_07686.dir/CheckIncludeFile.c.o   -c /mds-sfm/pipelines/opencv-2.4.11/release/CMakeFiles/CMakeTmp/CheckIncludeFile.c
Linking C executable cmTC_07686
/usr/bin/cmake -E cmake_link_script CMakeFiles/cmTC_07686.dir/link.txt --verbose=1
/usr/bin/cc   -fPIC   -fsigned-char -W -Wall -Werror=return-type -Werror=address -Werror=sequence-point -Wformat -Werror=format-security -Wmissing-declarations -Wmissing-prototypes -Wstrict-prototypes -Wundef -Winit-self -Wpointer-arith -Wshadow -Wno-narrowing -fdiagnostics-show-option -Wno-long-long -pthread -fomit-frame-pointer -ffast-math -msse -msse2 -msse3 -ffunction-sections  -O3 -DNDEBUG    CMakeFiles/cmTC_07686.dir/CheckIncludeFile.c.o  -o cmTC_07686 -rdynamic 
make[1]: Leaving directory '/mds-sfm/pipelines/opencv-2.4.11/release/CMakeFiles/CMakeTmp'


Determining if the include file libavformat/avformat.h exists passed with the following output:
Change Dir: /mds-sfm/pipelines/opencv-2.4.11/release/CMakeFiles/CMakeTmp

Run Build Command:"/usr/bin/make" "cmTC_05713/fast"
/usr/bin/make -f CMakeFiles/cmTC_05713.dir/build.make CMakeFiles/cmTC_05713.dir/build
make[1]: Entering directory '/mds-sfm/pipelines/opencv-2.4.11/release/CMakeFiles/CMakeTmp'
Building C object CMakeFiles/cmTC_05713.dir/CheckIncludeFile.c.o
/usr/bin/cc    -fPIC   -fsigned-char -W -Wall -Werror=return-type -Werror=address -Werror=sequence-point -Wformat -Werror=format-security -Wmissing-declarations -Wmissing-prototypes -Wstrict-prototypes -Wundef -Winit-self -Wpointer-arith -Wshadow -Wno-narrowing -fdiagnostics-show-option -Wno-long-long -pthread -fomit-frame-pointer -ffast-math -msse -msse2 -msse3 -ffunction-sections  -O3 -DNDEBUG   -o CMakeFiles/cmTC_05713.dir/CheckIncludeFile.c.o   -c /mds-sfm/pipelines/opencv-2.4.11/release/CMakeFiles/CMakeTmp/CheckIncludeFile.c
Linking C executable cmTC_05713
/usr/bin/cmake -E cmake_link_script CMakeFiles/cmTC_05713.dir/link.txt --verbose=1
/usr/bin/cc   -fPIC   -fsigned-char -W -Wall -Werror=return-type -Werror=address -Werror=sequence-point -Wformat -Werror=format-security -Wmissing-declarations -Wmissing-prototypes -Wstrict-prototypes -Wundef -Winit-self -Wpointer-arith -Wshadow -Wno-narrowing -fdiagnostics-show-option -Wno-long-long -pthread -fomit-frame-pointer -ffast-math -msse -msse2 -msse3 -ffunction-sections  -O3 -DNDEBUG    CMakeFiles/cmTC_05713.dir/CheckIncludeFile.c.o  -o cmTC_05713 -rdynamic 
make[1]: Leaving directory '/mds-sfm/pipelines/opencv-2.4.11/release/CMakeFiles/CMakeTmp'


